[2026-05-15T14:14:47.825] [DEBUG] debug-file - env: nodejsVersion=v18.20.1
[2026-05-15T14:14:47.930] [DEBUG] debug-file - env: daemon=true
[2026-05-15T14:14:47.826] [DEBUG] debug-file - env: hvigor-config.json5 content = { modelVersion: '6.1.0', dependencies: {} }
[2026-05-15T14:14:48.865] [DEBUG] debug-file - java daemon tryConnect failed Error: connect ECONNREFUSED 127.0.0.1:45050
[2026-05-15T14:14:49.035] [DEBUG] debug-file - java daemon started at port 45050 pid 22308
[2026-05-15T14:14:49.062] [DEBUG] debug-file - session manager: set active socket. socketId=38VzktmdjXV_WeNsAAAB
[2026-05-15T14:14:49.742] [DEBUG] debug-file - watch worker: worker id should be larger than 0. Nothing will be sent to any worker thread.
[2026-05-15T14:14:49.745] [DEBUG] debug-file - Since there is no instance or instance is terminated, create a new worker pool.
[2026-05-15T14:14:49.746] [DEBUG] debug-file - Worker pool is initialized with config:  {
  minPoolNum: 2,
  maxPoolNum: undefined,
  maxCoreSize: undefined,
  cacheCapacity: undefined,
  cacheTtl: undefined
}
[2026-05-15T14:14:49.747] [DEBUG] debug-file - Create  resident worker with id: 0.
[2026-05-15T14:14:49.749] [DEBUG] debug-file - Create  resident worker with id: 1.
[2026-05-15T14:14:49.751] [DEBUG] debug-file - Workers' log level updated to INFO
[2026-05-15T14:14:49.760] [DEBUG] debug-file - Hvigor init with startParameters:{
  hvigorfileTypeCheck: false,
  parallelExecution: true,
  incrementalExecution: true,
  printStackTrace: false,
  daemon: true,
  analyze: 0,
  logLevel: Level { level: 20000, levelStr: 'INFO', colour: 'green' },
  optimizationStrategy: 'memory',
  hotCompile: undefined,
  hotReloadBuild: undefined,
  customizedParam: undefined
}
[2026-05-15T14:14:49.761] [DEBUG] debug-file - Since current hvigor version 6.23.5 differs from last hvigor version 
      undefined, delete file-cache.json and task-cache.json.
[2026-05-15T14:14:49.762] [DEBUG] debug-file - Cache service initialization finished in 2 ms 
[2026-05-15T14:14:49.764] [DEBUG] debug-file - hvigorfile, resolving E:\JavaEE_and_Homengos\Carbon\frontend\hvigorfile.ts
[2026-05-15T14:14:52.609] [DEBUG] debug-file - hvigorfile, require result:  { default: { plugins: [] } }
[2026-05-15T14:14:52.609] [DEBUG] debug-file - hvigorfile, binding system plugins null
[2026-05-15T14:14:52.610] [DEBUG] debug-file - Starting plugin build process
[2026-05-15T14:14:52.610] [DEBUG] debug-file - App plugin prepare start...
[2026-05-15T14:14:52.610] [DEBUG] debug-file - App plugin prepare end...
[2026-05-15T14:14:52.610] [DEBUG] debug-file - App plugin creating...
[2026-05-15T14:14:52.791] [DEBUG] debug-file - App plugin register hook start...
[2026-05-15T14:14:52.791] [DEBUG] debug-file - App plugin register hook end...
[2026-05-15T14:14:52.791] [DEBUG] debug-file - Plugin build process completed
[2026-05-15T14:14:52.793] [DEBUG] debug-file - Start initialize project's product build option map with build mode debug.
[2026-05-15T14:14:52.793] [DEBUG] debug-file - Picking option from product 'default' with build mode 'debug'.
[2026-05-15T14:14:52.793] [DEBUG] debug-file - Product 'default' build option initialized
[2026-05-15T14:14:52.793] [DEBUG] debug-file - End initialize project's product build option map with build mode 'debug'.
[2026-05-15T14:14:52.795] [DEBUG] debug-file - Obtain build option for product 'default'in this build.
[2026-05-15T14:14:52.802] [DEBUG] debug-file - No signingConfig found, initRemoteHspCache failed.
[2026-05-15T14:14:52.805] [DEBUG] debug-file - Local scan or download HarmonyOS sdk components toolchains,ets,js,native,previewer
[2026-05-15T14:14:52.810] [DEBUG] debug-file - Local scan or download hmscore sdk components toolchains,ets,native
[2026-05-15T14:14:52.814] [DEBUG] debug-file - Start recording SDK configuration permission data.
[2026-05-15T14:14:52.851] [DEBUG] debug-file - Sdk init in 48 ms 
[2026-05-15T14:14:52.857] [DEBUG] debug-file - Project task initialization takes 4 ms 
[2026-05-15T14:14:52.857] [DEBUG] debug-file - hvigorfile, begin to bind custom plugins...
[2026-05-15T14:14:52.857] [DEBUG] debug-file - hvigorfile, no custom plugins were found in E:\JavaEE_and_Homengos\Carbon\frontend\hvigorfile.ts
[2026-05-15T14:14:52.857] [DEBUG] debug-file - hvigorfile, resolve finished E:\JavaEE_and_Homengos\Carbon\frontend\hvigorfile.ts
[2026-05-15T14:14:52.858] [DEBUG] debug-file - hvigorfile, resolving E:\JavaEE_and_Homengos\Carbon\frontend\entry\hvigorfile.ts
[2026-05-15T14:14:52.864] [DEBUG] debug-file - hvigorfile, require result:  { default: { plugins: [] } }
[2026-05-15T14:14:52.864] [DEBUG] debug-file - hvigorfile, binding system plugins null
[2026-05-15T14:14:52.865] [DEBUG] debug-file - Starting plugin build process
[2026-05-15T14:14:52.865] [DEBUG] debug-file - Hap plugin creating...
[2026-05-15T14:14:52.866] [DEBUG] debug-file - failed to load cangjie to dynamically generate schemas: Error: Cannot find module '@ohos/cangjie-build-support/index'
Require stack:
- D:\devecostudio-windows-6.1.0.830\DevEco Studio\tools\hvigor\hvigor-ohos-plugin\src\plugin\hooks\cangjie-register.js
- D:\devecostudio-windows-6.1.0.830\DevEco Studio\tools\hvigor\hvigor-ohos-plugin\src\plugin\strategy\stage-init-strategy.js
- D:\devecostudio-windows-6.1.0.830\DevEco Studio\tools\hvigor\hvigor-ohos-plugin\src\plugin\builder\abstract-plugin-builder.js
- D:\devecostudio-windows-6.1.0.830\DevEco Studio\tools\hvigor\hvigor-ohos-plugin\src\plugin\builder\app-plugin-builder.js
- D:\devecostudio-windows-6.1.0.830\DevEco Studio\tools\hvigor\hvigor-ohos-plugin\src\plugin\factory\plugin-factory.js
- D:\devecostudio-windows-6.1.0.830\DevEco Studio\tools\hvigor\hvigor-ohos-plugin\index.js
- E:\JavaEE_and_Homengos\Carbon\frontend\hvigorfile.ts
- D:\devecostudio-windows-6.1.0.830\DevEco Studio\tools\hvigor\hvigor\src\base\internal\lifecycle\configuration.js
- D:\devecostudio-windows-6.1.0.830\DevEco Studio\tools\hvigor\hvigor\src\base\boot\index.js
- D:\devecostudio-windows-6.1.0.830\DevEco Studio\tools\hvigor\hvigor\src\base\daemon\cluster\worker-process-lifecycle.js
- D:\devecostudio-windows-6.1.0.830\DevEco Studio\tools\hvigor\hvigor\src\base\daemon\process\daemon-process-boot-script.js
[2026-05-15T14:14:52.882] [DEBUG] debug-file - Start initialize module-target build option map, moduleName=entry, buildMode=debug
[2026-05-15T14:14:52.882] [DEBUG] debug-file - Target 'default' config initialized
[2026-05-15T14:14:52.883] [DEBUG] debug-file - Target 'ohosTest' config initialized
[2026-05-15T14:14:52.884] [DEBUG] debug-file - Module 'entry' target 'default' build option initialized
[2026-05-15T14:14:52.884] [DEBUG] debug-file - Module 'entry' target 'ohosTest' build option initialized
[2026-05-15T14:14:52.884] [DEBUG] debug-file - End initialize module-target build option map, moduleName=entry
[2026-05-15T14:14:52.884] [DEBUG] debug-file - Start initialize module-target build option map, moduleName=entry, buildMode=release
[2026-05-15T14:14:52.884] [DEBUG] debug-file - Target 'default' config initialized
[2026-05-15T14:14:52.884] [DEBUG] debug-file - Target 'ohosTest' config initialized
[2026-05-15T14:14:52.885] [DEBUG] debug-file - Module 'entry' target 'default' build option initialized
[2026-05-15T14:14:52.885] [DEBUG] debug-file - Module 'entry' target 'ohosTest' build option initialized
[2026-05-15T14:14:52.885] [DEBUG] debug-file - End initialize module-target build option map, moduleName=entry
[2026-05-15T14:14:52.885] [DEBUG] debug-file - Start initialize module-target build option map, moduleName=entry, buildMode=debug
[2026-05-15T14:14:52.885] [DEBUG] debug-file - Target 'default' config initialized
[2026-05-15T14:14:52.885] [DEBUG] debug-file - Target 'ohosTest' config initialized
[2026-05-15T14:14:52.885] [DEBUG] debug-file - Module 'entry' target 'default' build option initialized
[2026-05-15T14:14:52.885] [DEBUG] debug-file - Module 'entry' target 'ohosTest' build option initialized
[2026-05-15T14:14:52.886] [DEBUG] debug-file - End initialize module-target build option map, moduleName=entry
[2026-05-15T14:14:52.886] [DEBUG] debug-file - Obtain build option for module 'entry' target 'default'in this build.
[2026-05-15T14:14:52.891] [DEBUG] debug-file - Module entry task initialization takes 5 ms 
[2026-05-15T14:14:52.891] [DEBUG] debug-file - Hap plugin register hook start...
[2026-05-15T14:14:52.891] [DEBUG] debug-file - Hap plugin register hook end...
[2026-05-15T14:14:52.891] [DEBUG] debug-file - Plugin build process completed
[2026-05-15T14:14:52.891] [DEBUG] debug-file - hvigorfile, begin to bind custom plugins...
[2026-05-15T14:14:52.891] [DEBUG] debug-file - hvigorfile, no custom plugins were found in E:\JavaEE_and_Homengos\Carbon\frontend\entry\hvigorfile.ts
[2026-05-15T14:14:52.891] [DEBUG] debug-file - hvigorfile, resolve finished E:\JavaEE_and_Homengos\Carbon\frontend\entry\hvigorfile.ts
[2026-05-15T14:14:52.911] [DEBUG] debug-file - hvigorfile, resolve hvigorfile dependencies in 19 ms 
[2026-05-15T14:14:52.911] [DEBUG] debug-file - project has submodules:entry
[2026-05-15T14:14:52.912] [DEBUG] debug-file - start to load updatedOhPackageInfo to the disk
[2026-05-15T14:14:52.917] [DEBUG] debug-file - load to the disk finished
[2026-05-15T14:14:52.918] [DEBUG] debug-file - Start to initialize dependency information.
[2026-05-15T14:14:52.921] [WARN] debug-file - The current module 'frontend' has dependency which is not installed at its oh-package.json5.
[2026-05-15T14:14:52.922] [WARN] debug-file - The current module 'frontend' has dependency which is not installed at its oh-package.json5.
[2026-05-15T14:14:52.922] [DEBUG] debug-file - Module frontend Collected Dependency: 
[2026-05-15T14:14:52.922] [DEBUG] debug-file - Module frontend's total dependency: 0
[2026-05-15T14:14:52.923] [DEBUG] debug-file - Start to initialize dependency information.
[2026-05-15T14:14:52.926] [DEBUG] debug-file - Module entry Collected Dependency: 
[2026-05-15T14:14:52.926] [DEBUG] debug-file - Module entry's total dependency: 0
[2026-05-15T14:14:52.930] [DEBUG] debug-file - Configuration phase cost:3 s 168 ms 
[2026-05-15T14:14:52.932] [DEBUG] debug-file - Configuration task cost before running: 3 s 181 ms 
[2026-05-15T14:14:52.932] [DEBUG] debug-file - Executing task :entry:clean
[2026-05-15T14:14:52.933] [DEBUG] debug-file - clean: Worker pool is inactive.
[2026-05-15T14:14:53.010] [DEBUG] debug-file - entry : clean cost memory 2.0558547973632812
[2026-05-15T14:14:53.011] [DEBUG] debug-file - runTaskFromQueue task cost before running: 3 s 260 ms 
[2026-05-15T14:14:53.011] [INFO] debug-file - Finished :entry:clean... after 79 ms 
[2026-05-15T14:14:53.011] [DEBUG] debug-file - Executing task ::clean
[2026-05-15T14:14:53.011] [DEBUG] debug-file - clean: Worker pool is inactive.
[2026-05-15T14:14:53.012] [DEBUG] debug-file - frontend : clean cost memory 0.026641845703125
[2026-05-15T14:14:53.012] [DEBUG] debug-file - runTaskFromQueue task cost before running: 3 s 261 ms 
[2026-05-15T14:14:53.012] [INFO] debug-file - Finished ::clean... after 1 ms 
[2026-05-15T14:14:53.012] [DEBUG] debug-file - Executing task :entry:init
[2026-05-15T14:14:53.012] [DEBUG] debug-file - entry : init cost memory 0.014923095703125
[2026-05-15T14:14:53.012] [DEBUG] debug-file - runTaskFromQueue task cost before running: 3 s 261 ms 
[2026-05-15T14:14:53.012] [INFO] debug-file - Finished :entry:init... after 1 ms 
[2026-05-15T14:14:53.013] [DEBUG] debug-file - Executing task ::init
[2026-05-15T14:14:53.013] [DEBUG] debug-file - frontend : init cost memory 0.0141448974609375
[2026-05-15T14:14:53.013] [DEBUG] debug-file - runTaskFromQueue task cost before running: 3 s 262 ms 
[2026-05-15T14:14:53.013] [INFO] debug-file - Finished ::init... after 1 ms 
[2026-05-15T14:14:53.023] [DEBUG] debug-file - Obtain build option for module 'entry' target 'default'in this build.
[2026-05-15T14:14:53.023] [DEBUG] debug-file - Obtain build option for module 'entry' target 'ohosTest'in this build.
[2026-05-15T14:14:53.030] [DEBUG] debug-file - Cleanup worker 0.
[2026-05-15T14:14:53.031] [DEBUG] debug-file - Worker 0 has been cleaned up.
[2026-05-15T14:14:53.031] [DEBUG] debug-file - Current idle worker size: 1.
[2026-05-15T14:14:53.031] [DEBUG] debug-file - Current resident worker size: 2.
[2026-05-15T14:14:53.031] [DEBUG] debug-file - Cleanup worker 1.
[2026-05-15T14:14:53.031] [DEBUG] debug-file - Worker 1 has been cleaned up.
[2026-05-15T14:14:53.031] [DEBUG] debug-file - Current idle worker size: 0.
[2026-05-15T14:14:53.031] [DEBUG] debug-file - Current resident worker size: 2.
[2026-05-15T14:14:53.032] [DEBUG] debug-file - hvigor build process will be closed.
[2026-05-15T14:14:53.037] [DEBUG] debug-file - session manager: send message to worker process.
[2026-05-15T14:14:53.038] [DEBUG] debug-file - session manager: send message to worker process.
[2026-05-15T14:14:53.037] [DEBUG] debug-file - watch worker: worker id should be larger than 0. Nothing will be sent to any worker thread.
[2026-05-15T14:14:53.038] [DEBUG] debug-file - watch worker: worker id should be larger than 0. Nothing will be sent to any worker thread.
[2026-05-15T14:14:53.060] [DEBUG] debug-file - worker[0] exits with exit code 1.
[2026-05-15T14:14:53.060] [DEBUG] debug-file - worker[1] exits with exit code 1.
